<?xml version="1.0" encoding="UTF-8"?>
<testng-results ignored="0" total="1" passed="1" failed="0" skipped="0">
  <reporter-output>
    <line>
      <![CDATA[Default method run]]>
    </line>
  </reporter-output>
  <suite started-at="2021-01-05T10:16:40 IST" name="Default suite" finished-at="2021-01-05T10:19:27 IST" duration-ms="167003">
    <groups>
    </groups>
    <test started-at="2021-01-05T10:16:40 IST" name="Default test" finished-at="2021-01-05T10:19:27 IST" duration-ms="167003">
      <class name="ngptest.mySanityTest">
        <test-method is-config="true" signature="beforeClass()[pri:0, instance:ngptest.mySanityTest@67d48005]" started-at="2021-01-05T10:16:40 IST" name="beforeClass" finished-at="2021-01-05T10:16:40 IST" duration-ms="11" status="PASS">
          <reporter-output>
          </reporter-output>
        </test-method> <!-- beforeClass -->
        <test-method signature="f()[pri:0, instance:ngptest.mySanityTest@67d48005]" started-at="2021-01-05T10:16:40 IST" name="f" finished-at="2021-01-05T10:19:21 IST" duration-ms="161363" status="PASS">
          <reporter-output>
            <line>
              <![CDATA[Default method run]]>
            </line>
          </reporter-output>
        </test-method> <!-- f -->
        <test-method is-config="true" signature="screenShot(org.testng.ITestResult)[pri:0, instance:ngptest.mySanityTest@67d48005]" started-at="2021-01-05T10:19:21 IST" name="screenShot" finished-at="2021-01-05T10:19:21 IST" duration-ms="3" status="PASS">
          <params>
            <param index="0">
              <value>
                <![CDATA[[TestResult name=f status=SUCCESS method=mySanityTest.f()[pri:0, instance:ngptest.mySanityTest@67d48005] output=Default method run]]]>
              </value>
            </param>
          </params>
          <reporter-output>
          </reporter-output>
        </test-method> <!-- screenShot -->
        <test-method is-config="true" signature="afterClass()[pri:0, instance:ngptest.mySanityTest@67d48005]" started-at="2021-01-05T10:19:21 IST" name="afterClass" finished-at="2021-01-05T10:19:27 IST" duration-ms="5576" status="PASS">
          <reporter-output>
          </reporter-output>
        </test-method> <!-- afterClass -->
      </class> <!-- ngptest.mySanityTest -->
    </test> <!-- Default test -->
  </suite> <!-- Default suite -->
</testng-results>
